app/mapping.txt
# compiler: R8
# compiler_version: 2.2.66
# min_api: 16
# pg_map_id: 2ab44b2
# common_typos_disable
com.longforus.onekeyreinforceandpatch.-$$Lambda$MainActivity$ko2dn0WVJimG43VLJXfSgRTeVmw -> b.c.a.a:
# {"id":"sourceFile","fileName":"lambda"}
    com.longforus.onekeyreinforceandpatch.MainActivity f$0 -> b
com.longforus.onekeyreinforceandpatch.-$$Lambda$SophixStubApplication$ckKbAbS1ujoYuk9qF7RqXb8DsDo -> b.c.a.b:
# {"id":"sourceFile","fileName":"lambda"}
    com.longforus.onekeyreinforceandpatch.SophixStubApplication f$0 -> a
com.longforus.onekeyreinforceandpatch.MainActivity -> com.longforus.onekeyreinforceandpatch.MainActivity:
    void lambda$ko2dn0WVJimG43VLJXfSgRTeVmw(com.longforus.onekeyreinforceandpatch.MainActivity,android.view.View) -> J
    void onCreate$lambda-0(com.longforus.onekeyreinforceandpatch.MainActivity,android.view.View) -> K
com.longforus.onekeyreinforceandpatch.MyApp -> b.c.a.c:
    java.lang.String TAG -> b
com.longforus.onekeyreinforceandpatch.SophixStubApplication -> com.longforus.onekeyreinforceandpatch.SophixStubApplication:
    void lambda$initSophix$0$SophixStubApplication(int,int,java.lang.String,int) -> a
...
androidx.core.content.res.GradientColorInflaterCompat$ColorStops -> a.h.e.c.d$a:
    int[] mColors -> a
    float[] mOffsets -> b
androidx.core.content.res.GrowingArrayUtils -> a.h.e.c.e:
    int[] append(int[],int,int) -> a
    java.lang.Object[] append(java.lang.Object[],int,java.lang.Object) -> b
    int growSize(int) -> c
androidx.core.content.res.ResourcesCompat -> a.h.e.c.f:
    android.graphics.drawable.Drawable getDrawable(android.content.res.Resources,int,android.content.res.Resources$Theme) -> a
    android.graphics.Typeface getFont(android.content.Context,int) -> b
    android.graphics.Typeface getFont(android.content.Context,int,android.util.TypedValue,int,androidx.core.content.res.ResourcesCompat$FontCallback) -> c
    void getFont(android.content.Context,int,androidx.core.content.res.ResourcesCompat$FontCallback,android.os.Handler) -> d
    android.graphics.Typeface loadFont(android.content.Context,int,android.util.TypedValue,int,androidx.core.content.res.ResourcesCompat$FontCallback,android.os.Handler,boolean,boolean) -> e
    android.graphics.Typeface loadFont(android.content.Context,android.content.res.Resources,android.util.TypedValue,int,int,androidx.core.content.res.ResourcesCompat$FontCallback,android.os.Handler,boolean,boolean) -> f
androidx.core.content.res.ResourcesCompat$FontCallback -> a.h.e.c.f$a:
    void callbackFailAsync(int,android.os.Handler) -> a
    void callbackSuccessAsync(android.graphics.Typeface,android.os.Handler) -> b
    android.os.Handler getHandler(android.os.Handler) -> c
    void onFontRetrievalFailed(int) -> d
    void onFontRetrieved(android.graphics.Typeface) -> e
androidx.core.content.res.ResourcesCompat$FontCallback$1 -> a.h.e.c.f$a$a:
    android.graphics.Typeface val$typeface -> b
    androidx.core.content.res.ResourcesCompat$FontCallback this$0 -> c
androidx.core.content.res.ResourcesCompat$FontCallback$2 -> a.h.e.c.f$a$b:
    int val$reason -> b
    androidx.core.content.res.ResourcesCompat$FontCallback this$0 -> c
androidx.core.content.res.ResourcesCompat$ThemeCompat -> a.h.e.c.f$b:
    void rebase(android.content.res.Resources$Theme) -> a
androidx.core.content.res.ResourcesCompat$ThemeCompat$ImplApi23 -> a.h.e.c.f$b$a:
    java.lang.Object sRebaseMethodLock -> a
    boolean sRebaseMethodFetched -> c
    java.lang.reflect.Method sRebaseMethod -> b
    void rebase(android.content.res.Resources$Theme) -> a
androidx.core.content.res.ResourcesCompat$ThemeCompat$ImplApi29 -> a.h.e.c.f$b$b:
    void rebase(android.content.res.Resources$Theme) -> a